#
# There is insufficient memory for the Java Runtime Environment to continue.
# Native memory allocation (malloc) failed to allocate 1048576 bytes for AllocateHeap
# Possible reasons:
#   The system is out of physical RAM or swap space
#   The process is running with CompressedOops enabled, and the Java Heap may be blocking the growth of the native heap
# Possible solutions:
#   Reduce memory load on the system
#   Increase physical memory or swap space
#   Check if swap backing store is full
#   Decrease Java heap size (-Xmx/-Xms)
#   Decrease number of Java threads
#   Decrease Java thread stack sizes (-Xss)
#   Set larger code cache with -XX:ReservedCodeCacheSize=
#   JVM is running with Unscaled Compressed Oops mode in which the Java heap is
#     placed in the first 4GB address space. The Java Heap base address is the
#     maximum limit for the native heap growth. Please use -XX:HeapBaseMinAddress
#     to set the Java Heap base and to place the Java Heap above 4GB virtual address.
# This output file may be truncated or incomplete.
#
#  Out of Memory Error (allocation.cpp:44), pid=15000, tid=21536
#
# JRE version:  (17.0.10+11) (build )
# Java VM: Java HotSpot(TM) 64-Bit Server VM (17.0.10+11-LTS-240, mixed mode, sharing, tiered, compressed oops, compressed class ptrs, g1 gc, windows-amd64)
# No core dump will be written. Minidumps are not enabled by default on client versions of Windows
#

---------------  S U M M A R Y ------------

Command Line: -Xmx64m -Xms64m -Dorg.gradle.appname=gradlew org.gradle.wrapper.GradleWrapperMain app:installDebug -PreactNativeDevServerPort=8081

Host: 11th Gen Intel(R) Core(TM) i5-1135G7 @ 2.40GHz, 4 cores, 7G,  Windows 11 , 64 bit Build 22621 (10.0.22621.3672)
Time: Fri Jun 28 23:54:11 2024 Afr. centrale Ouest elapsed time: 0.054041 seconds (0d 0h 0m 0s)

---------------  T H R E A D  ---------------

Current thread (0x0000016d03b72ad0):  JavaThread "Unknown thread" [_thread_in_vm, id=21536, stack(0x0000001eee600000,0x0000001eee700000)]

Stack: [0x0000001eee600000,0x0000001eee700000]
Native frames: (J=compiled Java code, j=interpreted, Vv=VM code, C=native code)
V  [jvm.dll+0x677a5a]
V  [jvm.dll+0x7d8b2d]
V  [jvm.dll+0x7da48e]
V  [jvm.dll+0x7daaf3]
V  [jvm.dll+0x2455ff]
V  [jvm.dll+0xa5173]
V  [jvm.dll+0x2d5bd7]
V  [jvm.dll+0x7aa51c]
V  [jvm.dll+0x367911]
V  [jvm.dll+0x789639]
V  [jvm.dll+0x3eb30f]
V  [jvm.dll+0x3ecd91]
C  [jli.dll+0x5297]
C  [ucrtbase.dll+0x29333]
C  [KERNEL32.DLL+0x1257d]
C  [ntdll.dll+0x5af28]


---------------  P R O C E S S  ---------------

Threads class SMR info:
_java_thread_list=0x00007ffd6ba36a18, length=0, elements={
}

Java Threads: ( => current thread )

Other Threads:

=>0x0000016d03b72ad0 (exited) JavaThread "Unknown thread" [_thread_in_vm, id=21536, stack(0x0000001eee600000,0x0000001eee700000)]

Threads with active compile tasks:

VM state: not at safepoint (not fully initialized)

VM Mutex/Monitor currently owned by a thread: None

Heap address: 0x0000000000000000, size: 0 MB, Compressed Oops mode: 32-bit

CDS archive(s) mapped at: [0x0000000000000000-0x0000000000000000-0x0000000000000000), size 0, SharedBaseAddress: 0x0000000800000000, ArchiveRelocationMode: 1.
Narrow klass base: 0x0000000000000000, Narrow klass shift: 0, Narrow klass range: 0x0

GC Precious Log:
<Empty>

GC Heap History (0 events):
No events

Deoptimization events (0 events):
No events

Classes unloaded (0 events):
No events

Classes redefined (0 events):
No events

Internal exceptions (0 events):
No events

VM Operations (0 events):
No events

Events (1 events):
Event: 0.034 Loaded shared library C:\Users\darel\AppData\Local\jdk-17\bin\java.dll


Dynamic libraries:
0x00007ff64e920000 - 0x00007ff64e930000 	C:\Users\darel\AppData\Local\jdk-17\bin\java.exe
0x00007ffe0b7d0000 - 0x00007ffe0b9e7000 	C:\Windows\SYSTEM32\ntdll.dll
0x00007ffda33b0000 - 0x00007ffda33c9000 	C:\Program Files\AVG\Antivirus\aswhook.dll
0x00007ffe09730000 - 0x00007ffe097f4000 	C:\Windows\System32\KERNEL32.DLL
0x00007ffe09160000 - 0x00007ffe0950c000 	C:\Windows\System32\KERNELBASE.dll
0x00007ffe08f20000 - 0x00007ffe09031000 	C:\Windows\System32\ucrtbase.dll
0x00007ffdb0620000 - 0x00007ffdb0639000 	C:\Users\darel\AppData\Local\jdk-17\bin\jli.dll
0x00007ffe0b060000 - 0x00007ffe0b112000 	C:\Windows\System32\ADVAPI32.dll
0x00007ffe09a50000 - 0x00007ffe09af7000 	C:\Windows\System32\msvcrt.dll
0x00007ffdb05b0000 - 0x00007ffdb05cb000 	C:\Users\darel\AppData\Local\jdk-17\bin\VCRUNTIME140.dll
0x00007ffe0a3b0000 - 0x00007ffe0a45a000 	C:\Windows\System32\sechost.dll
0x00007ffe090c0000 - 0x00007ffe090e8000 	C:\Windows\System32\bcrypt.dll
0x00007ffe0af40000 - 0x00007ffe0b055000 	C:\Windows\System32\RPCRT4.dll
0x00007ffe0a5c0000 - 0x00007ffe0a76e000 	C:\Windows\System32\USER32.dll
0x00007ffe08d10000 - 0x00007ffe08d36000 	C:\Windows\System32\win32u.dll
0x00007ffe0a380000 - 0x00007ffe0a3a9000 	C:\Windows\System32\GDI32.dll
0x00007ffe08e00000 - 0x00007ffe08f19000 	C:\Windows\System32\gdi32full.dll
0x00007ffe08c70000 - 0x00007ffe08d0a000 	C:\Windows\System32\msvcp_win.dll
0x00007ffdf3f80000 - 0x00007ffdf4213000 	C:\Windows\WinSxS\amd64_microsoft.windows.common-controls_6595b64144ccf1df_6.0.22621.3672_none_2713b9d173822955\COMCTL32.dll
0x00007ffe00970000 - 0x00007ffe0097a000 	C:\Windows\SYSTEM32\VERSION.dll
0x00007ffe09800000 - 0x00007ffe09831000 	C:\Windows\System32\IMM32.DLL
0x00007ffe010e0000 - 0x00007ffe010ec000 	C:\Users\darel\AppData\Local\jdk-17\bin\vcruntime140_1.dll
0x00007ffd94fd0000 - 0x00007ffd9505e000 	C:\Users\darel\AppData\Local\jdk-17\bin\msvcp140.dll
0x00007ffd6af80000 - 0x00007ffd6bb5f000 	C:\Users\darel\AppData\Local\jdk-17\bin\server\jvm.dll
0x00007ffe09510000 - 0x00007ffe09518000 	C:\Windows\System32\PSAPI.DLL
0x00007ffe01140000 - 0x00007ffe01174000 	C:\Windows\SYSTEM32\WINMM.dll
0x00007ffdf0950000 - 0x00007ffdf0959000 	C:\Windows\SYSTEM32\WSOCK32.dll
0x00007ffe09940000 - 0x00007ffe099b1000 	C:\Windows\System32\ws2_32.DLL
0x00007ffe07b30000 - 0x00007ffe07b48000 	C:\Windows\SYSTEM32\kernel.appcore.dll
0x00007ffdf5050000 - 0x00007ffdf505a000 	C:\Users\darel\AppData\Local\jdk-17\bin\jimage.dll
0x00007ffe06350000 - 0x00007ffe06582000 	C:\Windows\SYSTEM32\DBGHELP.DLL
0x00007ffe0a7e0000 - 0x00007ffe0ab68000 	C:\Windows\System32\combase.dll
0x00007ffe0ae60000 - 0x00007ffe0af37000 	C:\Windows\System32\OLEAUT32.dll
0x00007ffdfead0000 - 0x00007ffdfeb02000 	C:\Windows\SYSTEM32\dbgcore.DLL
0x00007ffe09040000 - 0x00007ffe090bb000 	C:\Windows\System32\bcryptPrimitives.dll
0x00007ffdf0670000 - 0x00007ffdf0695000 	C:\Users\darel\AppData\Local\jdk-17\bin\java.dll

dbghelp: loaded successfully - version: 4.0.5 - missing functions: none
symbol engine: initialized successfully - sym options: 0x614 - pdb path: .;C:\Users\darel\AppData\Local\jdk-17\bin;C:\Windows\SYSTEM32;C:\Program Files\AVG\Antivirus;C:\Windows\WinSxS\amd64_microsoft.windows.common-controls_6595b64144ccf1df_6.0.22621.3672_none_2713b9d173822955;C:\Users\darel\AppData\Local\jdk-17\bin\server

VM Arguments:
jvm_args: -Xmx64m -Xms64m -Dorg.gradle.appname=gradlew 
java_command: org.gradle.wrapper.GradleWrapperMain app:installDebug -PreactNativeDevServerPort=8081
java_class_path (initial): E:\react\react_native_cli\TP_final\tiktok\android\\gradle\wrapper\gradle-wrapper.jar
Launcher Type: SUN_STANDARD

[Global flags]
     intx CICompilerCount                          = 3                                         {product} {ergonomic}
     uint ConcGCThreads                            = 1                                         {product} {ergonomic}
     uint G1ConcRefinementThreads                  = 4                                         {product} {ergonomic}
   size_t G1HeapRegionSize                         = 1048576                                   {product} {ergonomic}
    uintx GCDrainStackTargetSize                   = 64                                        {product} {ergonomic}
   size_t InitialHeapSize                          = 67108864                                  {product} {command line}
   size_t MarkStackSize                            = 4194304                                   {product} {ergonomic}
   size_t MaxHeapSize                              = 67108864                                  {product} {command line}
   size_t MinHeapDeltaBytes                        = 1048576                                   {product} {ergonomic}
   size_t MinHeapSize                              = 67108864                                  {product} {command line}
    uintx NonNMethodCodeHeapSize                   = 5832780                                {pd product} {ergonomic}
    uintx NonProfiledCodeHeapSize                  = 122912730                              {pd product} {ergonomic}
    uintx ProfiledCodeHeapSize                     = 122912730                              {pd product} {ergonomic}
    uintx ReservedCodeCacheSize                    = 251658240                              {pd product} {ergonomic}
     bool SegmentedCodeCache                       = true                                      {product} {ergonomic}
   size_t SoftMaxHeapSize                          = 67108864                               {manageable} {ergonomic}
     bool UseCompressedClassPointers               = true                           {product lp64_product} {ergonomic}
     bool UseCompressedOops                        = true                           {product lp64_product} {ergonomic}
     bool UseG1GC                                  = true                                      {product} {ergonomic}
     bool UseLargePagesIndividualAllocation        = false                                  {pd product} {ergonomic}

Logging:
Log output configuration:
 #0: stdout all=warning uptime,level,tags
 #1: stderr all=off uptime,level,tags

Environment Variables:
JAVA_HOME=C:\Users\darel\AppData\Local\jdk-17
CLASSPATH=E:\react\react_native_cli\TP_final\tiktok\android\\gradle\wrapper\gradle-wrapper.jar
PATH=E:\react\react_native_cli\TP_final\tiktok\node_modules\.bin;E:\react\react_native_cli\TP_final\tiktok\node_modules\.bin;E:\react\react_native_cli\TP_final\node_modules\.bin;E:\react\react_native_cli\node_modules\.bin;E:\react\node_modules\.bin;E:\node_modules\.bin;C:\Users\darel\AppData\Roaming\nvm\v21.7.3\node_modules\npm\node_modules\@npmcli\run-script\lib\node-gyp-bin;F:\test_bd\dbhomeXE\bin;C:\Users\darel\AppData\Local\jdk-17;C:\Program Files\Common Files\Oracle\Java\javapath;C:\Program Files (x86)\Common Files\Oracle\Java\javapath;C:\ProgramData\Oracle\Java\javapath;C:\Windows\system32;C:\Windows;C:\Windows\System32\Wbem;C:\Users\darel\AppData\Local\Android\Sdk;C:\Windows\System32\WindowsPowerShell\v1.0\;C:\Windows\System32\OpenSSH\;C:\Program Files\dotnet\;C:\Program Files\Microsoft SQL Server\Client SDK\ODBC\170\Tools\Binn\;C:\Program Files\Azure Data Studio\bin;C:\Program Files (x86)\Microsoft SQL Server\160\Tools\Binn\;C:\Program Files\Microsoft SQL Server\160\Tools\Binn\;C:\Program Files\Microsoft SQL Server\160\DTS\Binn\;C:\Program Files (x86)\Microsoft SQL Server\150\Tools\Binn\;C:\Program Files\Microsoft SQL Server\150\Tools\Binn\;C:\Program Files\Microsoft SQL Server\150\DTS\Binn\;C:\xampp\php;C:\flutter\flutter\flutter\bin\cache\dart-sdk\bin;C:\ProgramData\chocolatey\bin;C:\Users\darel\AppData\Local\Android\Sdk;C:\Users\darel\AppData\Local\Android\Sdk\tools;C:\Users\darel\AppData\Roaming\nvm;C:\Program Files\nodejs;C:\gradle\gradle-8.7\bin;C:\Users\darel\AppData\Local\Android\Sdk\platforms;C:\Users\darel\AppData\Local\Android\Sdk\platform-tools;C:\Users\darel\AppData\Local\Pub\Cache\bin;C:\Users\darel\fvm\default\bin;C:\composer;C:\Program Files\Git\cmd;C:\Users\darel\AppData\Local\Android\Sdk\tools;C:\Users\darel\AppData\Local\jdk-11.0.2\bin;C:\Program Files\Java\jdk-11\bin;C:\Users\darel\AppData\Local\Microsoft\WindowsApps;C:\Users\darel\AppData\Local\Programs\Microsoft VS Code\bin;C:\Program Files (x86)\Embarcadero\Dev-Cpp\TDM-GCC-64\bin;C:\Users
USERNAME=darel
LANG=fr_FR.UTF-8
OS=Windows_NT
PROCESSOR_IDENTIFIER=Intel64 Family 6 Model 140 Stepping 1, GenuineIntel



---------------  S Y S T E M  ---------------

OS:
 Windows 11 , 64 bit Build 22621 (10.0.22621.3672)
OS uptime: 0 days 9:59 hours

CPU: total 4 (initial active 4) (4 cores per cpu, 2 threads per core) family 6 model 140 stepping 1 microcode 0xa6, cx8, cmov, fxsr, ht, mmx, 3dnowpref, sse, sse2, sse3, ssse3, sse4.1, sse4.2, popcnt, lzcnt, tsc, tscinvbit, avx, avx2, aes, erms, clmul, bmi1, bmi2, adx, avx512f, avx512dq, avx512cd, avx512bw, avx512vl, sha, fma, vzeroupper, avx512_vpopcntdq, avx512_vpclmulqdq, avx512_vaes, avx512_vnni, clflush, clflushopt, clwb, avx512_vbmi2, avx512_vbmi

Memory: 4k page, system-wide physical 7975M (148M free)
TotalPageFile size 25383M (AvailPageFile size 6M)
current process WorkingSet (physical memory assigned to process): 10M, peak: 10M
current process commit charge ("private bytes"): 14M, peak: 15M

vm_info: Java HotSpot(TM) 64-Bit Server VM (17.0.10+11-LTS-240) for windows-amd64 JRE (17.0.10+11-LTS-240), built on Dec 19 2023 21:47:25 by "mach5one" with MS VC++ 17.1 (VS2022)

END.
